1697909781: mosquitto version 2.0.18 starting
1697909781: Config loaded from /mosquitto/config/mosquitto.conf.
1697909781: Opening ipv4 listen socket on port 1883.
1697909781: Opening ipv6 listen socket on port 1883.
1697909781: Opening websockets listen socket on port 8883.
1697909781: mosquitto version 2.0.18 running
1697910733: mosquitto version 2.0.18 terminating
1697910733: Saving in-memory database to /mosquitto/data//mosquitto.db.
1697910766: mosquitto version 2.0.18 starting
1697910766: Config loaded from /mosquitto/config/mosquitto.conf.
1697910766: Opening ipv4 listen socket on port 1883.
1697910766: Opening ipv6 listen socket on port 1883.
1697910766: Opening websockets listen socket on port 8883.
1697910766: mosquitto version 2.0.18 running
1697912182: mosquitto version 2.0.18 terminating
1697912182: Saving in-memory database to /mosquitto/data//mosquitto.db.
1697912194: mosquitto version 2.0.18 starting
1697912194: Config loaded from /mosquitto/config/mosquitto.conf.
1697912194: Opening ipv4 listen socket on port 1883.
1697912194: Opening ipv6 listen socket on port 1883.
1697912194: Opening websockets listen socket on port 8883.
1697912194: mosquitto version 2.0.18 running
1697913995: Saving in-memory database to /mosquitto/data//mosquitto.db.
1697915796: Saving in-memory database to /mosquitto/data//mosquitto.db.
1697917597: Saving in-memory database to /mosquitto/data//mosquitto.db.
1697919398: Saving in-memory database to /mosquitto/data//mosquitto.db.
1697921199: Saving in-memory database to /mosquitto/data//mosquitto.db.
1697923996: Saving in-memory database to /mosquitto/data//mosquitto.db.
1697925796: Saving in-memory database to /mosquitto/data//mosquitto.db.
1697927597: Saving in-memory database to /mosquitto/data//mosquitto.db.
1697929398: Saving in-memory database to /mosquitto/data//mosquitto.db.
1697931199: Saving in-memory database to /mosquitto/data//mosquitto.db.
1697932894: mosquitto version 2.0.18 starting
1697932894: Config loaded from /mosquitto/config/mosquitto.conf.
1697932894: Opening ipv4 listen socket on port 1883.
1697932894: Opening ipv6 listen socket on port 1883.
1697932894: Opening websockets listen socket on port 8883.
1697932894: mosquitto version 2.0.18 running
1697934696: Saving in-memory database to /mosquitto/data//mosquitto.db.
1697936497: Saving in-memory database to /mosquitto/data//mosquitto.db.
1697938298: Saving in-memory database to /mosquitto/data//mosquitto.db.
1697940099: Saving in-memory database to /mosquitto/data//mosquitto.db.
1697941900: Saving in-memory database to /mosquitto/data//mosquitto.db.
1697943701: Saving in-memory database to /mosquitto/data//mosquitto.db.
1697945502: Saving in-memory database to /mosquitto/data//mosquitto.db.
1697947303: Saving in-memory database to /mosquitto/data//mosquitto.db.
1697949104: Saving in-memory database to /mosquitto/data//mosquitto.db.
1697950905: Saving in-memory database to /mosquitto/data//mosquitto.db.
1697952706: Saving in-memory database to /mosquitto/data//mosquitto.db.
1697988635: Saving in-memory database to /mosquitto/data//mosquitto.db.
